<?xml version="1.0" encoding="utf-8"?><testsuites name="pytest tests"><testsuite name="pytest" errors="0" failures="0" skipped="0" tests="9" time="1.685" timestamp="2026-04-25T12:01:55.448469+00:00" hostname="agent-env-4bba4842-54d4-48b6-9f76-813330015b31"><testcase classname="backend.tests.test_glowshape_features.TestSiteSettings" name="test_get_site_settings" time="0.134" /><testcase classname="backend.tests.test_glowshape_features.TestSiteSettings" name="test_update_tiktok_url" time="0.656" /><testcase classname="backend.tests.test_glowshape_features.TestGoogleCalendar" name="test_google_status_endpoint" time="0.110" /><testcase classname="backend.tests.test_glowshape_features.TestGoogleCalendar" name="test_google_login_endpoint" time="0.112" /><testcase classname="backend.tests.test_glowshape_features.TestCategories" name="test_get_categories" time="0.113" /><testcase classname="backend.tests.test_glowshape_features.TestAuth" name="test_admin_login" time="0.183" /><testcase classname="backend.tests.test_glowshape_features.TestPublicData" name="test_prestations" time="0.105" /><testcase classname="backend.tests.test_glowshape_features.TestPublicData" name="test_avant_apres" time="0.103" /><testcase classname="backend.tests.test_glowshape_features.TestPublicData" name="test_content" time="0.106" /></testsuite></testsuites>