<?xml version="1.0" encoding="utf-8"?><testsuites name="pytest tests"><testsuite name="pytest" errors="0" failures="0" skipped="0" tests="20" time="3.466" timestamp="2026-03-16T22:35:05.836753+00:00" hostname="agent-env-4bba4842-54d4-48b6-9f76-813330015b31"><testcase classname="tests.test_glowshape_api.TestPrestationsAPI" name="test_get_prestations_returns_list" time="0.192" /><testcase classname="tests.test_glowshape_api.TestPrestationsAPI" name="test_get_prestations_count_is_14" time="0.121" /><testcase classname="tests.test_glowshape_api.TestPrestationsAPI" name="test_prestation_has_required_fields" time="0.135" /><testcase classname="tests.test_glowshape_api.TestPrestationsAPI" name="test_get_single_prestation" time="0.238" /><testcase classname="tests.test_glowshape_api.TestPrestationsAPI" name="test_get_prestation_not_found" time="0.131" /><testcase classname="tests.test_glowshape_api.TestCategoriesAPI" name="test_get_categories" time="0.114" /><testcase classname="tests.test_glowshape_api.TestCategoriesAPI" name="test_categories_include_expected_values" time="0.120" /><testcase classname="tests.test_glowshape_api.TestDisponibilitesAPI" name="test_get_disponibilites_returns_slots" time="0.257" /><testcase classname="tests.test_glowshape_api.TestDisponibilitesAPI" name="test_disponibilites_creneaux_structure" time="0.252" /><testcase classname="tests.test_glowshape_api.TestDisponibilitesAPI" name="test_disponibilites_invalid_prestation" time="0.120" /><testcase classname="tests.test_glowshape_api.TestAdminLogin" name="test_admin_login_success" time="0.187" /><testcase classname="tests.test_glowshape_api.TestAdminLogin" name="test_admin_login_invalid_password" time="0.194" /><testcase classname="tests.test_glowshape_api.TestAdminLogin" name="test_admin_login_invalid_email" time="0.108" /><testcase classname="tests.test_glowshape_api.TestPublicEndpoints" name="test_homepage_content" time="0.121" /><testcase classname="tests.test_glowshape_api.TestPublicEndpoints" name="test_temoignages" time="0.109" /><testcase classname="tests.test_glowshape_api.TestPublicEndpoints" name="test_avant_apres" time="0.152" /><testcase classname="tests.test_glowshape_api.TestPublicEndpoints" name="test_site_settings" time="0.115" /><testcase classname="tests.test_glowshape_api.TestAdminProtectedEndpoints" name="test_admin_dashboard_with_token" time="0.309" /><testcase classname="tests.test_glowshape_api.TestAdminProtectedEndpoints" name="test_admin_dashboard_without_token" time="0.123" /><testcase classname="tests.test_glowshape_api.TestAdminProtectedEndpoints" name="test_admin_reservations_list" time="0.313" /></testsuite></testsuites>