<?xml version="1.0" encoding="utf-8"?><testsuites name="pytest tests"><testsuite name="pytest" errors="0" failures="0" skipped="0" tests="11" time="4.622" timestamp="2026-03-16T22:47:38.426224+00:00" hostname="agent-env-4bba4842-54d4-48b6-9f76-813330015b31"><testcase classname="backend.tests.test_stripe_payment_flow.TestCreateSetupIntent" name="test_create_setup_intent_returns_correct_fields" time="0.659" /><testcase classname="backend.tests.test_stripe_payment_flow.TestCreateSetupIntent" name="test_create_setup_intent_invalid_prestation" time="0.125" /><testcase classname="backend.tests.test_stripe_payment_flow.TestConfirmAndBook" name="test_confirm_and_book_rejects_non_succeeded_setup_intent" time="0.810" /><testcase classname="backend.tests.test_stripe_payment_flow.TestConfirmAndBook" name="test_confirm_and_book_invalid_prestation" time="0.844" /><testcase classname="backend.tests.test_stripe_payment_flow.TestCancelReservation" name="test_cancel_non_existent_reservation" time="0.141" /><testcase classname="backend.tests.test_stripe_payment_flow.TestCancelReservation" name="test_cancel_reservation_endpoint_exists" time="0.168" /><testcase classname="backend.tests.test_stripe_payment_flow.TestChargeTodayDeposits" name="test_charge_today_deposits_returns_results" time="0.160" /><testcase classname="backend.tests.test_stripe_payment_flow.TestExistingAPIs" name="test_prestations_still_works" time="0.151" /><testcase classname="backend.tests.test_stripe_payment_flow.TestExistingAPIs" name="test_disponibilites_still_works" time="0.291" /><testcase classname="backend.tests.test_stripe_payment_flow.TestExistingAPIs" name="test_admin_login_still_works" time="0.210" /><testcase classname="backend.tests.test_stripe_payment_flow.TestExistingAPIs" name="test_admin_reservations_list" time="0.998" /></testsuite></testsuites>